2021-10-09T06:30:49.531994-00:00 0 [System] [MY-013169] [Server] /usr/sbin/mysqld (mysqld 8.0.26) initializing of server in progress as process 43
2021-10-09T06:30:49.537948-00:00 1 [System] [MY-013576] [InnoDB] InnoDB initialization has started.
2021-10-09T06:30:49.937588-00:00 1 [System] [MY-013577] [InnoDB] InnoDB initialization has ended.
2021-10-09T06:30:50.819391-00:00 0 [Warning] [MY-013746] [Server] A deprecated TLS version TLSv1 is enabled for channel mysql_main
2021-10-09T06:30:50.819810-00:00 0 [Warning] [MY-013746] [Server] A deprecated TLS version TLSv1.1 is enabled for channel mysql_main
2021-10-09T06:30:50.936490-00:00 6 [Warning] [MY-010453] [Server] root@localhost is created with an empty password ! Please consider switching off the --initialize-insecure option.
2021-10-09T06:30:54.266598-00:00 0 [System] [MY-010116] [Server] /usr/sbin/mysqld (mysqld 8.0.26) starting as process 92
2021-10-09T06:30:54.284867-00:00 1 [System] [MY-013576] [InnoDB] InnoDB initialization has started.
2021-10-09T06:30:54.430284-00:00 1 [System] [MY-013577] [InnoDB] InnoDB initialization has ended.
2021-10-09T06:30:54.646160-00:00 0 [Warning] [MY-013746] [Server] A deprecated TLS version TLSv1 is enabled for channel mysql_main
2021-10-09T06:30:54.646545-00:00 0 [Warning] [MY-013746] [Server] A deprecated TLS version TLSv1.1 is enabled for channel mysql_main
2021-10-09T06:30:54.648482-00:00 0 [Warning] [MY-010068] [Server] CA certificate ca.pem is self signed.
2021-10-09T06:30:54.648784-00:00 0 [System] [MY-013602] [Server] Channel mysql_main configured to support TLS. Encrypted connections are now supported for this channel.
2021-10-09T06:30:54.650737-00:00 0 [Warning] [MY-011810] [Server] Insecure configuration for --pid-file: Location '/var/run/mysqld' in the path is accessible to all OS users. Consider choosing a different directory.
2021-10-09T06:30:54.667061-00:00 0 [System] [MY-011323] [Server] X Plugin ready for connections. Socket: /var/run/mysqld/mysqlx.sock
2021-10-09T06:30:54.667136-00:00 0 [System] [MY-010931] [Server] /usr/sbin/mysqld: ready for connections. Version: '8.0.26'  socket: '/var/run/mysqld/mysqld.sock'  port: 0  MySQL Community Server - GPL.
2021-10-09T06:30:56.841380-00:00 13 [System] [MY-013172] [Server] Received SHUTDOWN from user root. Shutting down mysqld (Version: 8.0.26).
2021-10-09T06:30:58.213614-00:00 0 [System] [MY-010910] [Server] /usr/sbin/mysqld: Shutdown complete (mysqld 8.0.26)  MySQL Community Server - GPL.
2021-10-09T06:30:59.080069-00:00 0 [System] [MY-010116] [Server] /usr/sbin/mysqld (mysqld 8.0.26) starting as process 1
2021-10-09T06:30:59.091664-00:00 1 [System] [MY-013576] [InnoDB] InnoDB initialization has started.
2021-10-09T06:30:59.246377-00:00 1 [System] [MY-013577] [InnoDB] InnoDB initialization has ended.
2021-10-09T06:30:59.455621-00:00 0 [Warning] [MY-013746] [Server] A deprecated TLS version TLSv1 is enabled for channel mysql_main
2021-10-09T06:30:59.455811-00:00 0 [Warning] [MY-013746] [Server] A deprecated TLS version TLSv1.1 is enabled for channel mysql_main
2021-10-09T06:30:59.456683-00:00 0 [Warning] [MY-010068] [Server] CA certificate ca.pem is self signed.
2021-10-09T06:30:59.456874-00:00 0 [System] [MY-013602] [Server] Channel mysql_main configured to support TLS. Encrypted connections are now supported for this channel.
2021-10-09T06:30:59.459176-00:00 0 [Warning] [MY-011810] [Server] Insecure configuration for --pid-file: Location '/var/run/mysqld' in the path is accessible to all OS users. Consider choosing a different directory.
2021-10-09T06:30:59.473658-00:00 0 [System] [MY-011323] [Server] X Plugin ready for connections. Bind-address: '::' port: 33060, socket: /var/run/mysqld/mysqlx.sock
2021-10-09T06:30:59.473723-00:00 0 [System] [MY-010931] [Server] /usr/sbin/mysqld: ready for connections. Version: '8.0.26'  socket: '/var/run/mysqld/mysqld.sock'  port: 3306  MySQL Community Server - GPL.
mbind: Operation not permitted
mbind: Operation not permitted
mbind: Operation not permitted
mbind: Operation not permitted
mbind: Operation not permitted
mbind: Operation not permitted
mbind: Operation not permitted
mbind: Operation not permitted
mbind: Operation not permitted
2021-10-09T06:42:29.008809-00:00 0 [System] [MY-013172] [Server] Received SHUTDOWN from user <via user signal>. Shutting down mysqld (Version: 8.0.26).
2021-10-09T06:42:30.030808-00:00 0 [System] [MY-010910] [Server] /usr/sbin/mysqld: Shutdown complete (mysqld 8.0.26)  MySQL Community Server - GPL.
2021-10-09T07:00:34.851188-00:00 0 [System] [MY-010116] [Server] /usr/sbin/mysqld (mysqld 8.0.26) starting as process 1
2021-10-09T07:00:34.859370-00:00 1 [System] [MY-013576] [InnoDB] InnoDB initialization has started.
2021-10-09T07:00:35.013835-00:00 1 [System] [MY-013577] [InnoDB] InnoDB initialization has ended.
2021-10-09T07:00:35.210264-00:00 0 [Warning] [MY-013746] [Server] A deprecated TLS version TLSv1 is enabled for channel mysql_main
2021-10-09T07:00:35.210471-00:00 0 [Warning] [MY-013746] [Server] A deprecated TLS version TLSv1.1 is enabled for channel mysql_main
2021-10-09T07:00:35.211487-00:00 0 [Warning] [MY-010068] [Server] CA certificate ca.pem is self signed.
2021-10-09T07:00:35.211738-00:00 0 [System] [MY-013602] [Server] Channel mysql_main configured to support TLS. Encrypted connections are now supported for this channel.
2021-10-09T07:00:35.214454-00:00 0 [Warning] [MY-011810] [Server] Insecure configuration for --pid-file: Location '/var/run/mysqld' in the path is accessible to all OS users. Consider choosing a different directory.
2021-10-09T07:00:35.231811-00:00 0 [System] [MY-010931] [Server] /usr/sbin/mysqld: ready for connections. Version: '8.0.26'  socket: '/var/run/mysqld/mysqld.sock'  port: 3306  MySQL Community Server - GPL.
2021-10-09T07:00:35.231778-00:00 0 [System] [MY-011323] [Server] X Plugin ready for connections. Bind-address: '::' port: 33060, socket: /var/run/mysqld/mysqlx.sock
2021-10-09T07:04:03.242384-00:00 0 [System] [MY-013172] [Server] Received SHUTDOWN from user <via user signal>. Shutting down mysqld (Version: 8.0.26).
2021-10-09T07:04:04.534497-00:00 0 [System] [MY-010910] [Server] /usr/sbin/mysqld: Shutdown complete (mysqld 8.0.26)  MySQL Community Server - GPL.
2021-10-09T07:30:45.161691-00:00 0 [System] [MY-010116] [Server] /usr/sbin/mysqld (mysqld 8.0.26) starting as process 1
2021-10-09T07:30:45.169740-00:00 1 [System] [MY-013576] [InnoDB] InnoDB initialization has started.
2021-10-09T07:30:45.331629-00:00 1 [System] [MY-013577] [InnoDB] InnoDB initialization has ended.
2021-10-09T07:30:45.522377-00:00 0 [Warning] [MY-013746] [Server] A deprecated TLS version TLSv1 is enabled for channel mysql_main
2021-10-09T07:30:45.522745-00:00 0 [Warning] [MY-013746] [Server] A deprecated TLS version TLSv1.1 is enabled for channel mysql_main
2021-10-09T07:30:45.524474-00:00 0 [Warning] [MY-010068] [Server] CA certificate ca.pem is self signed.
2021-10-09T07:30:45.524886-00:00 0 [System] [MY-013602] [Server] Channel mysql_main configured to support TLS. Encrypted connections are now supported for this channel.
2021-10-09T07:30:45.528990-00:00 0 [Warning] [MY-011810] [Server] Insecure configuration for --pid-file: Location '/var/run/mysqld' in the path is accessible to all OS users. Consider choosing a different directory.
2021-10-09T07:30:45.545598-00:00 0 [System] [MY-011323] [Server] X Plugin ready for connections. Bind-address: '::' port: 33060, socket: /var/run/mysqld/mysqlx.sock
2021-10-09T07:30:45.545649-00:00 0 [System] [MY-010931] [Server] /usr/sbin/mysqld: ready for connections. Version: '8.0.26'  socket: '/var/run/mysqld/mysqld.sock'  port: 3306  MySQL Community Server - GPL.
2021-10-09T07:32:36.691296-00:00 0 [System] [MY-013172] [Server] Received SHUTDOWN from user <via user signal>. Shutting down mysqld (Version: 8.0.26).
2021-10-09T07:32:37.992511-00:00 0 [System] [MY-010910] [Server] /usr/sbin/mysqld: Shutdown complete (mysqld 8.0.26)  MySQL Community Server - GPL.
